[   219.618] (--) Log file renamed from "/home/mark/.local/share/xorg/Xorg.pid-1796.log" to "/home/mark/.local/share/xorg/Xorg.0.log"
[   219.620] 
X.Org X Server 1.20.4
X Protocol Version 11, Revision 0
[   219.620] Build Operating System: Linux 4.4.0-148-generic x86_64 Ubuntu
[   219.620] Current Operating System: Linux mark-VirtualBox 5.0.0-23-generic #24~18.04.1-Ubuntu SMP Mon Jul 29 16:12:28 UTC 2019 x86_64
[   219.620] Kernel command line: BOOT_IMAGE=/boot/vmlinuz-5.0.0-23-generic root=UUID=2fa6addc-ec9e-454a-85fc-7b882de14185 ro quiet splash
[   219.620] Build Date: 02 May 2019  08:06:54AM
[   219.620] xorg-server-hwe-18.04 2:1.20.4-1ubuntu3~18.04.1 (For technical support please see http://www.ubuntu.com/support) 
[   219.620] Current version of pixman: 0.34.0
[   219.620] 	Before reporting problems, check http://wiki.x.org
	to make sure that you have the latest version.
[   219.620] Markers: (--) probed, (**) from config file, (==) default setting,
	(++) from command line, (!!) notice, (II) informational,
	(WW) warning, (EE) error, (NI) not implemented, (??) unknown.
[   219.620] (==) Log file: "/home/mark/.local/share/xorg/Xorg.0.log", Time: Mon Sep  9 13:53:50 2019
[   219.697] (==) Using system config directory "/usr/share/X11/xorg.conf.d"
[   219.848] (==) No Layout section.  Using the first Screen section.
[   219.848] (==) No screen section available. Using defaults.
[   219.848] (**) |-->Screen "Default Screen Section" (0)
[   219.848] (**) |   |-->Monitor "<default monitor>"
[   219.850] (==) No monitor specified for screen "Default Screen Section".
	Using a default monitor configuration.
[   219.850] (==) Automatically adding devices
[   219.850] (==) Automatically enabling devices
[   219.850] (==) Automatically adding GPU devices
[   219.850] (==) Automatically binding GPU devices
[   219.850] (==) Max clients allowed: 256, resource mask: 0x1fffff
[   219.850] (WW) The directory "/usr/share/fonts/X11/cyrillic" does not exist.
[   219.850] 	Entry deleted from font path.
[   219.850] (WW) The directory "/usr/share/fonts/X11/100dpi/" does not exist.
[   219.850] 	Entry deleted from font path.
[   219.850] (WW) The directory "/usr/share/fonts/X11/75dpi/" does not exist.
[   219.851] 	Entry deleted from font path.
[   219.851] (WW) The directory "/usr/share/fonts/X11/100dpi" does not exist.
[   219.851] 	Entry deleted from font path.
[   219.851] (WW) The directory "/usr/share/fonts/X11/75dpi" does not exist.
[   219.851] 	Entry deleted from font path.
[   219.851] (==) FontPath set to:
	/usr/share/fonts/X11/misc,
	/usr/share/fonts/X11/Type1,
	built-ins
[   219.851] (==) ModulePath set to "/usr/lib/xorg/modules"
[   219.851] (II) The server relies on udev to provide the list of input devices.
	If no devices become available, reconfigure udev or disable AutoAddDevices.
[   219.851] (II) Loader magic: 0x555684940020
[   219.851] (II) Module ABI versions:
[   219.851] 	X.Org ANSI C Emulation: 0.4
[   219.851] 	X.Org Video Driver: 24.0
[   219.851] 	X.Org XInput driver : 24.1
[   219.851] 	X.Org Server Extension : 10.0
[   219.853] (++) using VT number 2

[   219.862] (II) systemd-logind: took control of session /org/freedesktop/login1/session/_32
[   219.863] (II) xfree86: Adding drm device (/dev/dri/card0)
[   219.875] (II) systemd-logind: got fd for /dev/dri/card0 226:0 fd 12 paused 0
[   219.900] (--) PCI:*(0@0:2:0) 15ad:0405:15ad:0405 rev 0, Mem @ 0xf0000000/16777216, 0xf1000000/2097152, I/O @ 0x0000d010/16, BIOS @ 0x????????/131072
[   219.900] (II) LoadModule: "glx"
[   219.955] (II) Loading /usr/lib/xorg/modules/extensions/libglx.so
[   220.129] (II) Module glx: vendor="X.Org Foundation"
[   220.129] 	compiled for 1.20.4, module version = 1.0.0
[   220.129] 	ABI class: X.Org Server Extension, version 10.0
[   220.129] (==) Matched vmware as autoconfigured driver 0
[   220.129] (==) Matched modesetting as autoconfigured driver 1
[   220.129] (==) Matched fbdev as autoconfigured driver 2
[   220.129] (==) Matched vesa as autoconfigured driver 3
[   220.129] (==) Assigned the driver to the xf86ConfigLayout
[   220.129] (II) LoadModule: "vmware"
[   220.129] (II) Loading /usr/lib/xorg/modules/drivers/vmware_drv.so
[   220.328] (II) Module vmware: vendor="X.Org Foundation"
[   220.328] 	compiled for 1.20.1, module version = 13.3.0
[   220.328] 	Module class: X.Org Video Driver
[   220.328] 	ABI class: X.Org Video Driver, version 24.0
[   220.328] (II) LoadModule: "modesetting"
[   220.328] (II) Loading /usr/lib/xorg/modules/drivers/modesetting_drv.so
[   220.411] (II) Module modesetting: vendor="X.Org Foundation"
[   220.411] 	compiled for 1.20.4, module version = 1.20.4
[   220.411] 	Module class: X.Org Video Driver
[   220.411] 	ABI class: X.Org Video Driver, version 24.0
[   220.411] (II) LoadModule: "fbdev"
[   220.411] (II) Loading /usr/lib/xorg/modules/drivers/fbdev_drv.so
[   220.500] (II) Module fbdev: vendor="X.Org Foundation"
[   220.500] 	compiled for 1.20.1, module version = 0.5.0
[   220.500] 	Module class: X.Org Video Driver
[   220.500] 	ABI class: X.Org Video Driver, version 24.0
[   220.500] (II) LoadModule: "vesa"
[   220.500] (II) Loading /usr/lib/xorg/modules/drivers/vesa_drv.so
[   220.503] (II) Module vesa: vendor="X.Org Foundation"
[   220.503] 	compiled for 1.20.1, module version = 2.4.0
[   220.503] 	Module class: X.Org Video Driver
[   220.503] 	ABI class: X.Org Video Driver, version 24.0
[   220.503] (II) vmware: driver for VMware SVGA: vmware0405, vmware0710
[   220.503] (II) modesetting: Driver for Modesetting Kernel Drivers: kms
[   220.503] (II) FBDEV: driver for framebuffer: fbdev
[   220.503] (II) VESA: driver for VESA chipsets: vesa
[   220.503] xf86EnableIOPorts: failed to set IOPL for I/O (Operation not permitted)
[   220.503] (WW) Falling back to old probe method for modesetting
[   220.503] (WW) Falling back to old probe method for fbdev
[   220.503] (II) Loading sub module "fbdevhw"
[   220.503] (II) LoadModule: "fbdevhw"
[   220.516] (II) Loading /usr/lib/xorg/modules/libfbdevhw.so
[   220.557] (II) Module fbdevhw: vendor="X.Org Foundation"
[   220.557] 	compiled for 1.20.4, module version = 0.0.2
[   220.557] 	ABI class: X.Org Video Driver, version 24.0
[   220.557] (EE) open /dev/fb0: Permission denied
[   220.557] (WW) VGA arbiter: cannot open kernel arbiter, no multi-card support
[   220.557] (II) vmware(0): Creating default Display subsection in Screen section
	"Default Screen Section" for depth/fbbpp 24/32
[   220.557] (--) vmware(0): DRM driver version is 2.15.0
[   220.557] (==) vmware(0): Depth 24, (--) framebuffer bpp 32
[   220.557] (==) vmware(0): RGB weight 888
[   220.557] (==) vmware(0): Default visual is TrueColor
[   220.557] (--) vmware(0): Min width 1, Max Width 8192.
[   220.557] (--) vmware(0): Min height 1, Max Height 8192.
[   220.557] (II) vmware(0): Output Virtual1 has no monitor section
[   220.557] (II) vmware(0): Output Virtual2 has no monitor section
[   220.557] (II) vmware(0): Output Virtual3 has no monitor section
[   220.559] (II) vmware(0): Output Virtual4 has no monitor section
[   220.559] (II) vmware(0): Output Virtual5 has no monitor section
[   220.559] (II) vmware(0): Output Virtual6 has no monitor section
[   220.559] (II) vmware(0): Output Virtual7 has no monitor section
[   220.559] (II) vmware(0): Output Virtual8 has no monitor section
[   220.559] (II) vmware(0): Printing probed modes for output Virtual1
[   220.559] (II) vmware(0): Modeline "800x600"x60.0   42.75  800 850 900 950  600 650 700 750 -hsync +vsync (45.0 kHz eP)
[   220.559] (II) vmware(0): Modeline "2560x1600"x60.0  348.50  2560 2752 3032 3504  1600 1603 1609 1658 -hsync +vsync (99.5 kHz e)
[   220.559] (II) vmware(0): Modeline "1920x1440"x60.0  234.00  1920 2048 2256 2600  1440 1441 1444 1500 -hsync +vsync (90.0 kHz e)
[   220.559] (II) vmware(0): Modeline "1856x1392"x60.0  218.25  1856 1952 2176 2528  1392 1393 1396 1439 -hsync +vsync (86.3 kHz e)
[   220.559] (II) vmware(0): Modeline "1792x1344"x60.0  204.75  1792 1920 2120 2448  1344 1345 1348 1394 -hsync +vsync (83.6 kHz e)
[   220.559] (II) vmware(0): Modeline "1920x1200"x59.9  193.25  1920 2056 2256 2592  1200 1203 1209 1245 -hsync +vsync (74.6 kHz e)
[   220.559] (II) vmware(0): Modeline "1600x1200"x60.0  162.00  1600 1664 1856 2160  1200 1201 1204 1250 +hsync +vsync (75.0 kHz e)
[   220.559] (II) vmware(0): Modeline "1680x1050"x60.0  146.25  1680 1784 1960 2240  1050 1053 1059 1089 -hsync +vsync (65.3 kHz e)
[   220.559] (II) vmware(0): Modeline "1400x1050"x60.0  121.75  1400 1488 1632 1864  1050 1053 1057 1089 -hsync +vsync (65.3 kHz e)
[   220.559] (II) vmware(0): Modeline "1280x1024"x60.0  108.00  1280 1328 1440 1688  1024 1025 1028 1066 +hsync +vsync (64.0 kHz e)
[   220.559] (II) vmware(0): Modeline "1440x900"x59.9  106.50  1440 1520 1672 1904  900 903 909 934 -hsync +vsync (55.9 kHz e)
[   220.559] (II) vmware(0): Modeline "1280x960"x60.0  108.00  1280 1376 1488 1800  960 961 964 1000 +hsync +vsync (60.0 kHz e)
[   220.559] (II) vmware(0): Modeline "1360x768"x60.0   85.50  1360 1424 1536 1792  768 771 777 795 +hsync +vsync (47.7 kHz e)
[   220.559] (II) vmware(0): Modeline "1280x800"x59.8   83.50  1280 1352 1480 1680  800 803 809 831 +hsync -vsync (49.7 kHz e)
[   220.559] (II) vmware(0): Modeline "1152x864"x75.0  108.00  1152 1216 1344 1600  864 865 868 900 +hsync +vsync (67.5 kHz e)
[   220.559] (II) vmware(0): Modeline "1280x768"x59.9   79.50  1280 1344 1472 1664  768 771 778 798 -hsync +vsync (47.8 kHz e)
[   220.559] (II) vmware(0): Modeline "1024x768"x60.0   65.00  1024 1048 1184 1344  768 771 777 806 -hsync -vsync (48.4 kHz e)
[   220.559] (II) vmware(0): Modeline "800x600"x60.3   40.00  800 840 968 1056  600 601 605 628 +hsync +vsync (37.9 kHz e)
[   220.559] (II) vmware(0): Modeline "640x480"x59.9   25.18  640 656 752 800  480 489 492 525 -hsync -vsync (31.5 kHz e)
[   220.559] (II) vmware(0): EDID for output Virtual2
[   220.559] (II) vmware(0): EDID for output Virtual3
[   220.559] (II) vmware(0): EDID for output Virtual4
[   220.560] (II) vmware(0): EDID for output Virtual5
[   220.560] (II) vmware(0): EDID for output Virtual6
[   220.560] (II) vmware(0): EDID for output Virtual7
[   220.560] (II) vmware(0): EDID for output Virtual8
[   220.560] (II) vmware(0): Output Virtual1 connected
[   220.560] (II) vmware(0): Output Virtual2 disconnected
[   220.560] (II) vmware(0): Output Virtual3 disconnected
[   220.560] (II) vmware(0): Output Virtual4 disconnected
[   220.560] (II) vmware(0): Output Virtual5 disconnected
[   220.560] (II) vmware(0): Output Virtual6 disconnected
[   220.560] (II) vmware(0): Output Virtual7 disconnected
[   220.560] (II) vmware(0): Output Virtual8 disconnected
[   220.560] (II) vmware(0): Using exact sizes for initial modes
[   220.560] (II) vmware(0): Output Virtual1 using initial mode 800x600 +0+0
[   220.560] (==) vmware(0): DPI set to (96, 96)
[   220.560] (==) vmware(0): Using gamma correction (1.0, 1.0, 1.0)
[   220.560] (II) Loading sub module "fb"
[   220.560] (II) LoadModule: "fb"
[   220.560] (II) Loading /usr/lib/xorg/modules/libfb.so
[   220.622] (II) Module fb: vendor="X.Org Foundation"
[   220.622] 	compiled for 1.20.4, module version = 1.0.0
[   220.622] 	ABI class: X.Org ANSI C Emulation, version 0.4
[   220.622] (II) Loading sub module "dri2"
[   220.622] (II) LoadModule: "dri2"
[   220.622] (II) Module "dri2" already built-in
[   220.622] (II) Loading sub module "dri3"
[   220.622] (II) LoadModule: "dri3"
[   220.622] (II) Module "dri3" already built-in
[   220.622] (II) UnloadModule: "modesetting"
[   220.622] (II) Unloading modesetting
[   220.622] (II) UnloadModule: "fbdev"
[   220.622] (II) Unloading fbdev
[   220.622] (II) UnloadSubModule: "fbdevhw"
[   220.622] (II) Unloading fbdevhw
[   220.622] (II) UnloadModule: "vesa"
[   220.622] (II) Unloading vesa
[   220.662] (II) vmware(0): Initialized VMWARE_CTRL extension version 0.2
[   220.848] (WW) vmware(0): Failed to initialize Gallium3D Xa. No render acceleration available.
[   220.848] (WW) vmware(0): Skipped initialization of direct rendering due to lack of render acceleration.
[   220.848] (--) vmware(0): Render acceleration is disabled.
[   220.848] (==) vmware(0): Rendercheck mode is disabled.
[   220.848] (--) vmware(0): Direct rendering (DRI2 3D) is disabled.
[   220.848] (--) vmware(0): Direct rendering (DRI3 3D) is disabled.
[   220.848] (==) vmware(0): Backing store enabled
[   220.848] (==) vmware(0): Silken mouse enabled
[   220.891] (==) vmware(0): DPMS enabled
[   220.891] (II) vmware(0): No 3D acceleration. Not setting up textured video.
[   220.891] (WW) vmware(0): Disabling Xv because no adaptors could be initialized.
[   220.891] (II) Initializing extension Generic Event Extension
[   220.892] (II) Initializing extension SHAPE
[   220.892] (II) Initializing extension MIT-SHM
[   220.892] (II) Initializing extension XInputExtension
[   220.900] (II) Initializing extension XTEST
[   220.900] (II) Initializing extension BIG-REQUESTS
[   220.900] (II) Initializing extension SYNC
[   220.900] (II) Initializing extension XKEYBOARD
[   220.901] (II) Initializing extension XC-MISC
[   220.901] (II) Initializing extension SECURITY
[   220.901] (II) Initializing extension XFIXES
[   220.901] (II) Initializing extension RENDER
[   220.901] (II) Initializing extension RANDR
[   220.903] (II) Initializing extension COMPOSITE
[   220.903] (II) Initializing extension DAMAGE
[   220.903] (II) Initializing extension MIT-SCREEN-SAVER
[   220.904] (II) Initializing extension DOUBLE-BUFFER
[   220.906] (II) Initializing extension RECORD
[   220.906] (II) Initializing extension DPMS
[   220.906] (II) Initializing extension Present
[   220.907] (II) Initializing extension DRI3
[   220.907] (II) Initializing extension X-Resource
[   220.907] (II) Initializing extension XVideo
[   220.907] (II) Initializing extension XVideo-MotionCompensation
[   220.907] (II) Initializing extension SELinux
[   220.907] (II) SELinux: Disabled on system
[   220.907] (II) Initializing extension GLX
[   220.908] (II) AIGLX: Screen 0 is not DRI2 capable
[   220.922] (II) IGLX: Loaded and initialized swrast
[   220.923] (II) GLX: Initialized DRISWRAST GL provider for screen 0
[   220.923] (II) Initializing extension XFree86-VidModeExtension
[   220.923] (II) Initializing extension XFree86-DGA
[   220.923] (II) Initializing extension XFree86-DRI
[   220.933] (II) Initializing extension DRI2
[   221.070] (II) vmware(0): Setting screen physical size to 211 x 158
[   221.178] (II) config/udev: Adding input device Power Button (/dev/input/event0)
[   221.178] (**) Power Button: Applying InputClass "libinput keyboard catchall"
[   221.178] (II) LoadModule: "libinput"
[   221.178] (II) Loading /usr/lib/xorg/modules/input/libinput_drv.so
[   221.835] (II) Module libinput: vendor="X.Org Foundation"
[   221.835] 	compiled for 1.20.1, module version = 0.28.1
[   221.835] 	Module class: X.Org XInput Driver
[   221.835] 	ABI class: X.Org XInput driver, version 24.1
[   221.835] (II) Using input driver 'libinput' for 'Power Button'
[   221.842] (II) systemd-logind: got fd for /dev/input/event0 13:64 fd 20 paused 0
[   221.842] (**) Power Button: always reports core events
[   221.842] (**) Option "Device" "/dev/input/event0"
[   221.842] (**) Option "_source" "server/udev"
[   221.843] (II) event0  - Power Button: is tagged by udev as: Keyboard
[   221.843] (II) event0  - Power Button: device is a keyboard
[   221.843] (II) event0  - Power Button: device removed
[   221.843] (**) Option "config_info" "udev:/sys/devices/LNXSYSTM:00/LNXPWRBN:00/input/input0/event0"
[   221.843] (II) XINPUT: Adding extended input device "Power Button" (type: KEYBOARD, id 6)
[   221.843] (**) Option "xkb_model" "pc105"
[   221.843] (**) Option "xkb_layout" "us"
[   221.844] (II) event0  - Power Button: is tagged by udev as: Keyboard
[   221.844] (II) event0  - Power Button: device is a keyboard
[   221.844] (II) config/udev: Adding input device Sleep Button (/dev/input/event1)
[   221.844] (**) Sleep Button: Applying InputClass "libinput keyboard catchall"
[   221.844] (II) Using input driver 'libinput' for 'Sleep Button'
[   221.861] (II) systemd-logind: got fd for /dev/input/event1 13:65 fd 23 paused 0
[   221.861] (**) Sleep Button: always reports core events
[   221.861] (**) Option "Device" "/dev/input/event1"
[   221.862] (**) Option "_source" "server/udev"
[   221.867] (II) event1  - Sleep Button: is tagged by udev as: Keyboard
[   221.867] (II) event1  - Sleep Button: device is a keyboard
[   221.867] (II) event1  - Sleep Button: device removed
[   221.867] (**) Option "config_info" "udev:/sys/devices/LNXSYSTM:00/LNXSLPBN:00/input/input1/event1"
[   221.867] (II) XINPUT: Adding extended input device "Sleep Button" (type: KEYBOARD, id 7)
[   221.867] (**) Option "xkb_model" "pc105"
[   221.867] (**) Option "xkb_layout" "us"
[   221.870] (II) event1  - Sleep Button: is tagged by udev as: Keyboard
[   221.870] (II) event1  - Sleep Button: device is a keyboard
[   221.872] (II) config/udev: Adding input device Video Bus (/dev/input/event3)
[   221.872] (**) Video Bus: Applying InputClass "libinput keyboard catchall"
[   221.872] (II) Using input driver 'libinput' for 'Video Bus'
[   221.874] (II) systemd-logind: got fd for /dev/input/event3 13:67 fd 24 paused 0
[   221.874] (**) Video Bus: always reports core events
[   221.874] (**) Option "Device" "/dev/input/event3"
[   221.875] (**) Option "_source" "server/udev"
[   221.877] (II) event3  - Video Bus: is tagged by udev as: Keyboard
[   221.877] (II) event3  - Video Bus: device is a keyboard
[   221.878] (II) event3  - Video Bus: device removed
[   221.878] (**) Option "config_info" "udev:/sys/devices/LNXSYSTM:00/LNXSYBUS:00/PNP0A03:00/LNXVIDEO:00/input/input4/event3"
[   221.878] (II) XINPUT: Adding extended input device "Video Bus" (type: KEYBOARD, id 8)
[   221.878] (**) Option "xkb_model" "pc105"
[   221.878] (**) Option "xkb_layout" "us"
[   221.884] (II) event3  - Video Bus: is tagged by udev as: Keyboard
[   221.884] (II) event3  - Video Bus: device is a keyboard
[   221.889] (II) config/udev: Adding input device VirtualBox mouse integration (/dev/input/event6)
[   221.889] (**) VirtualBox mouse integration: Applying InputClass "libinput pointer catchall"
[   221.889] (II) Using input driver 'libinput' for 'VirtualBox mouse integration'
[   221.893] (II) systemd-logind: got fd for /dev/input/event6 13:70 fd 25 paused 0
[   221.893] (**) VirtualBox mouse integration: always reports core events
[   221.893] (**) Option "Device" "/dev/input/event6"
[   221.893] (**) Option "_source" "server/udev"
[   221.894] (II) event6  - VirtualBox mouse integration: is tagged by udev as: Mouse
[   221.894] (II) event6  - VirtualBox mouse integration: device is a pointer
[   221.894] (II) event6  - VirtualBox mouse integration: device removed
[   221.894] (**) Option "config_info" "udev:/sys/devices/pci0000:00/0000:00:04.0/input/input7/event6"
[   221.894] (II) XINPUT: Adding extended input device "VirtualBox mouse integration" (type: MOUSE, id 9)
[   221.898] (**) Option "AccelerationScheme" "none"
[   221.899] (**) VirtualBox mouse integration: (accel) selected scheme none/0
[   221.899] (**) VirtualBox mouse integration: (accel) acceleration factor: 2.000
[   221.899] (**) VirtualBox mouse integration: (accel) acceleration threshold: 4
[   221.900] (II) event6  - VirtualBox mouse integration: is tagged by udev as: Mouse
[   221.901] (II) event6  - VirtualBox mouse integration: device is a pointer
[   221.901] (II) config/udev: Adding input device VirtualBox mouse integration (/dev/input/js1)
[   221.901] (II) No input driver specified, ignoring this device.
[   221.901] (II) This device may have been added with another device file.
[   221.904] (II) config/udev: Adding input device VirtualBox USB Tablet (/dev/input/event5)
[   221.904] (**) VirtualBox USB Tablet: Applying InputClass "libinput pointer catchall"
[   221.904] (II) Using input driver 'libinput' for 'VirtualBox USB Tablet'
[   221.963] (II) systemd-logind: got fd for /dev/input/event5 13:69 fd 26 paused 0
[   221.963] (**) VirtualBox USB Tablet: always reports core events
[   221.963] (**) Option "Device" "/dev/input/event5"
[   221.963] (**) Option "_source" "server/udev"
[   221.964] (II) event5  - VirtualBox USB Tablet: is tagged by udev as: Mouse
[   221.964] (II) event5  - VirtualBox USB Tablet: device is a pointer
[   221.964] (II) event5  - VirtualBox USB Tablet: device removed
[   221.964] (**) Option "config_info" "udev:/sys/devices/pci0000:00/0000:00:06.0/usb2/2-1/2-1:1.0/0003:80EE:0021.0001/input/input6/event5"
[   221.964] (II) XINPUT: Adding extended input device "VirtualBox USB Tablet" (type: MOUSE, id 10)
[   221.964] (**) Option "AccelerationScheme" "none"
[   221.964] (**) VirtualBox USB Tablet: (accel) selected scheme none/0
[   221.964] (**) VirtualBox USB Tablet: (accel) acceleration factor: 2.000
[   221.964] (**) VirtualBox USB Tablet: (accel) acceleration threshold: 4
[   221.965] (II) event5  - VirtualBox USB Tablet: is tagged by udev as: Mouse
[   221.965] (II) event5  - VirtualBox USB Tablet: device is a pointer
[   221.978] (II) config/udev: Adding input device VirtualBox USB Tablet (/dev/input/js0)
[   221.978] (II) No input driver specified, ignoring this device.
[   221.978] (II) This device may have been added with another device file.
[   221.982] (II) config/udev: Adding input device VirtualBox USB Tablet (/dev/input/mouse1)
[   221.982] (II) No input driver specified, ignoring this device.
[   221.982] (II) This device may have been added with another device file.
[   221.985] (II) config/udev: Adding input device AT Translated Set 2 keyboard (/dev/input/event2)
[   221.985] (**) AT Translated Set 2 keyboard: Applying InputClass "libinput keyboard catchall"
[   221.985] (II) Using input driver 'libinput' for 'AT Translated Set 2 keyboard'
[   221.987] (II) systemd-logind: got fd for /dev/input/event2 13:66 fd 27 paused 0
[   221.987] (**) AT Translated Set 2 keyboard: always reports core events
[   221.987] (**) Option "Device" "/dev/input/event2"
[   221.988] (**) Option "_source" "server/udev"
[   221.988] (II) event2  - AT Translated Set 2 keyboard: is tagged by udev as: Keyboard
[   221.988] (II) event2  - AT Translated Set 2 keyboard: device is a keyboard
[   221.988] (II) event2  - AT Translated Set 2 keyboard: device removed
[   221.988] (**) Option "config_info" "udev:/sys/devices/platform/i8042/serio0/input/input2/event2"
[   221.989] (II) XINPUT: Adding extended input device "AT Translated Set 2 keyboard" (type: KEYBOARD, id 11)
[   221.989] (**) Option "xkb_model" "pc105"
[   221.989] (**) Option "xkb_layout" "us"
[   221.995] (II) event2  - AT Translated Set 2 keyboard: is tagged by udev as: Keyboard
[   221.995] (II) event2  - AT Translated Set 2 keyboard: device is a keyboard
[   221.996] (II) config/udev: Adding input device ImExPS/2 Generic Explorer Mouse (/dev/input/event4)
[   221.996] (**) ImExPS/2 Generic Explorer Mouse: Applying InputClass "libinput pointer catchall"
[   221.997] (II) Using input driver 'libinput' for 'ImExPS/2 Generic Explorer Mouse'
[   221.999] (II) systemd-logind: got fd for /dev/input/event4 13:68 fd 28 paused 0
[   221.999] (**) ImExPS/2 Generic Explorer Mouse: always reports core events
[   221.999] (**) Option "Device" "/dev/input/event4"
[   221.999] (**) Option "_source" "server/udev"
[   222.001] (II) event4  - ImExPS/2 Generic Explorer Mouse: is tagged by udev as: Mouse
[   222.001] (II) event4  - ImExPS/2 Generic Explorer Mouse: device is a pointer
[   222.002] (II) event4  - ImExPS/2 Generic Explorer Mouse: device removed
[   222.002] (**) Option "config_info" "udev:/sys/devices/platform/i8042/serio1/input/input5/event4"
[   222.002] (II) XINPUT: Adding extended input device "ImExPS/2 Generic Explorer Mouse" (type: MOUSE, id 12)
[   222.003] (**) Option "AccelerationScheme" "none"
[   222.003] (**) ImExPS/2 Generic Explorer Mouse: (accel) selected scheme none/0
[   222.003] (**) ImExPS/2 Generic Explorer Mouse: (accel) acceleration factor: 2.000
[   222.003] (**) ImExPS/2 Generic Explorer Mouse: (accel) acceleration threshold: 4
[   222.005] (II) event4  - ImExPS/2 Generic Explorer Mouse: is tagged by udev as: Mouse
[   222.005] (II) event4  - ImExPS/2 Generic Explorer Mouse: device is a pointer
[   222.010] (II) config/udev: Adding input device ImExPS/2 Generic Explorer Mouse (/dev/input/mouse0)
[   222.011] (II) No input driver specified, ignoring this device.
[   222.011] (II) This device may have been added with another device file.
[   324.704] (EE) client bug: timer event4 debounce short: offset negative (-3ms)
[   575.375] (EE) No surface to present from.
[   575.435] (EE) No surface to present from.
